
 /Register info: collectData 30-06-2023 01:11:37
 /Register info: shaan12.com,Email already exists 30-06-2023 01:15:22
 /Register info: shaan12.com this Email already exists 30-06-2023 01:17:38
 /Register info: [object Object] 30-06-2023 01:17:46
 /Register info: collectData 30-06-2023 01:17:46
 /Register info: shaan12vbcbcb.com this Email already exists 30-06-2023 01:18:56
 /Register info: shaan12vbcbcb.com this Email already exists 30-06-2023 01:19:07
 /Register info: shaan12vbcbcb.com this Email already exists 30-06-2023 01:19:11
 /Register info: shaan12vbcbcb.com this Email already exists 30-06-2023 01:19:43
 /Register info: collectData 30-06-2023 01:20:02
 /Register info: {"name":"shaan1455555","email":"shaan1gdhdhbcb.com","password":"5665566655","_id":"649de084fa4b85bf09ebf111","RegisterTime":"2023-06-29T19:50:28.364Z","__v":0} 30-06-2023 01:20:28
 /Register info: collectData 30-06-2023 01:20:28
 /Register info: "result:"{"name":"shaan1455555","email":"shaan1ghbcb.com","password":"5665566655","_id":"649de0caa58b2acb9855911d","RegisterTime":"2023-06-29T19:51:38.289Z","__v":0} 30-06-2023 01:21:38
 /Register info: collectData 30-06-2023 01:21:38
 /Register info: "result:"{"name":"new user ","email":"akram1@gmail.com","password":"543353533","_id":"649ec15459c921519fc35065","RegisterTime":"2023-06-30T11:49:40.682Z","__v":0} 30-06-2023 17:19:40
 /Register info: collectData 30-06-2023 17:19:40
 /Register info: shaan1ghbcb.com this Email already exists 30-06-2023 17:53:52
 /Register info: "result:"{"name":"shaan1455555","email":"nffgffjfjfjjj.com","password":"5665566655","_id":"649ec981bcbdf9baa2823bc6","RegisterTime":"2023-06-30T12:24:33.780Z","__v":0} 30-06-2023 17:54:33
 /Register info: collectData 30-06-2023 17:54:33
 /Register info: "result:"{"email":"nffgfjfjjj.com","password":"c5d3b0ee092bb90e0c048dc2b4c31b03","_id":"649ee1e3d639fe76e8634b08","RegisterTime":"2023-06-30T14:08:36.004Z","__v":0} 30-06-2023 19:38:36
 /Register info: collectData 30-06-2023 19:38:36
 /Register info: nffgfjfjjj.com this Email already exists 30-06-2023 19:39:29
 /Register info: "result:"{"email":"nffgfjfjj.com","password":"1a24acc50f4d0a85140bd3a308ca3dad","_id":"649ee21eef0d0a44d1b849a4","RegisterTime":"2023-06-30T14:09:34.995Z","__v":0} 30-06-2023 19:39:35
 /Register info: collectData 30-06-2023 19:39:35
